<?xml version="1.0" encoding="UTF-8"?>
<!-- Generated by org.testng.reporters.JUnitReportReporter -->
<testsuite skipped="0" hostname="DESKTOP-CSA67DT" name="com.inetBanking.testCases.TC_LoginTest_001" tests="1" failures="0" timestamp="2020-12-07T11:32:28 EST" time="2.343" errors="0">
  <testcase name="loginTest" time="2.343" classname="com.inetBanking.testCases.TC_LoginTest_001"/>
  <system-out/>
</testsuite> <!-- com.inetBanking.testCases.TC_LoginTest_001 -->
